#
# There is insufficient memory for the Java Runtime Environment to continue.
# Native memory allocation (mmap) failed to map 268435456 bytes for G1 virtual space
# Possible reasons:
#   The system is out of physical RAM or swap space
#   The process is running with CompressedOops enabled, and the Java Heap may be blocking the growth of the native heap
# Possible solutions:
#   Reduce memory load on the system
#   Increase physical memory or swap space
#   Check if swap backing store is full
#   Decrease Java heap size (-Xmx/-Xms)
#   Decrease number of Java threads
#   Decrease Java thread stack sizes (-Xss)
#   Set larger code cache with -XX:ReservedCodeCacheSize=
#   JVM is running with Zero Based Compressed Oops mode in which the Java heap is
#     placed in the first 32GB address space. The Java Heap base address is the
#     maximum limit for the native heap growth. Please use -XX:HeapBaseMinAddress
#     to set the Java Heap base and to place the Java Heap above 32GB virtual address.
# This output file may be truncated or incomplete.
#
#  Out of Memory Error (os_windows.cpp:3548), pid=16864, tid=18788
#
# JRE version:  (17.0.10+11) (build )
# Java VM: Java HotSpot(TM) 64-Bit Server VM (17.0.10+11-LTS-240, mixed mode, emulated-client, sharing, tiered, compressed oops, compressed class ptrs, g1 gc, windows-amd64)
# No core dump will be written. Minidumps are not enabled by default on client versions of Windows
#

---------------  S U M M A R Y ------------

Command Line: -XX:TieredStopAtLevel=1 com.mvc.app.HistoryApplication.HistoryApplication

Host: Intel(R) Core(TM) i7-8750H CPU @ 2.20GHz, 12 cores, 15G,  Windows 11 , 64 bit Build 22621 (10.0.22621.3374)
Time: Thu Apr  4 02:19:11 2024 GMT Daylight Time elapsed time: 0.012052 seconds (0d 0h 0m 0s)

---------------  T H R E A D  ---------------

Current thread (0x000002ce44dbd1d0):  JavaThread "Unknown thread" [_thread_in_vm, id=18788, stack(0x000000e810100000,0x000000e810200000)]

Stack: [0x000000e810100000,0x000000e810200000]
Native frames: (J=compiled Java code, j=interpreted, Vv=VM code, C=native code)
V  [jvm.dll+0x677a5a]
V  [jvm.dll+0x7d8b2d]
V  [jvm.dll+0x7da48e]
V  [jvm.dll+0x7daaf3]
V  [jvm.dll+0x2455ff]
V  [jvm.dll+0x6749b9]
V  [jvm.dll+0x669382]
V  [jvm.dll+0x302e96]
V  [jvm.dll+0x30a416]
V  [jvm.dll+0x359cbe]
V  [jvm.dll+0x359eef]
V  [jvm.dll+0x2d9e88]
V  [jvm.dll+0x2dadf4]
V  [jvm.dll+0x7aa551]
V  [jvm.dll+0x367911]
V  [jvm.dll+0x789639]
V  [jvm.dll+0x3eb30f]
V  [jvm.dll+0x3ecd91]
C  [jli.dll+0x5297]
C  [ucrtbase.dll+0x29333]
C  [KERNEL32.DLL+0x1257d]
C  [ntdll.dll+0x5aa48]


---------------  P R O C E S S  ---------------

Threads class SMR info:
_java_thread_list=0x00007ffa6b386a18, length=0, elements={
}

Java Threads: ( => current thread )

Other Threads:
  0x000002ce46edf8f0 GCTaskThread "GC Thread#0" [stack: 0x000000e810200000,0x000000e810300000] [id=21976]
  0x000002ce46ef0620 ConcurrentGCThread "G1 Main Marker" [stack: 0x000000e810300000,0x000000e810400000] [id=15664]
  0x000002ce46ef0f40 ConcurrentGCThread "G1 Conc#0" [stack: 0x000000e810400000,0x000000e810500000] [id=4948]

[error occurred during error reporting (printing all threads), id 0xc0000005, EXCEPTION_ACCESS_VIOLATION (0xc0000005) at pc=0x00007ffa6abbaae7]

VM state: not at safepoint (not fully initialized)

VM Mutex/Monitor currently owned by a thread:  ([mutex/lock_event])
[0x000002ce46e713c0] Heap_lock - owner thread: 0x000002ce44dbd1d0

Heap address: 0x0000000701200000, size: 4078 MB, Compressed Oops mode: Zero based, Oop shift amount: 3

CDS archive(s) mapped at: [0x0000000000000000-0x0000000000000000-0x0000000000000000), size 0, SharedBaseAddress: 0x0000000800000000, ArchiveRelocationMode: 1.
Narrow klass base: 0x0000000000000000, Narrow klass shift: 0, Narrow klass range: 0x0

GC Precious Log:
<Empty>

Heap:
 garbage-first heap   total 0K, used 0K [0x0000000701200000, 0x0000000800000000)
  region size 2048K, 0 young (0K), 0 survivors (0K)

[error occurred during error reporting (printing heap information), id 0xc0000005, EXCEPTION_ACCESS_VIOLATION (0xc0000005) at pc=0x00007ffa6afa1249]

GC Heap History (0 events):
No events

Deoptimization events (0 events):
No events

Classes unloaded (0 events):
No events

Classes redefined (0 events):
No events

Internal exceptions (0 events):
No events

VM Operations (0 events):
No events

Events (1 events):
Event: 0.008 Loaded shared library C:\Program Files\Java\jdk-17\bin\java.dll


Dynamic libraries:
0x00007ff67e180000 - 0x00007ff67e190000 	C:\Program Files\Java\jdk-17\bin\java.exe
0x00007ffb0e950000 - 0x00007ffb0eb66000 	C:\WINDOWS\SYSTEM32\ntdll.dll
0x00007ffb0d770000 - 0x00007ffb0d834000 	C:\WINDOWS\System32\KERNEL32.DLL
0x00007ffb0be70000 - 0x00007ffb0c217000 	C:\WINDOWS\System32\KERNELBASE.dll
0x00007ffb0c560000 - 0x00007ffb0c671000 	C:\WINDOWS\System32\ucrtbase.dll
0x00007ffa6ff80000 - 0x00007ffa6ff9b000 	C:\Program Files\Java\jdk-17\bin\VCRUNTIME140.dll
0x00007ffa70000000 - 0x00007ffa70019000 	C:\Program Files\Java\jdk-17\bin\jli.dll
0x00007ffb0e2d0000 - 0x00007ffb0e382000 	C:\WINDOWS\System32\ADVAPI32.dll
0x00007ffb0d6c0000 - 0x00007ffb0d767000 	C:\WINDOWS\System32\msvcrt.dll
0x00007ffb0ca50000 - 0x00007ffb0caf8000 	C:\WINDOWS\System32\sechost.dll
0x00007ffb0c530000 - 0x00007ffb0c558000 	C:\WINDOWS\System32\bcrypt.dll
0x00007ffb0e130000 - 0x00007ffb0e245000 	C:\WINDOWS\System32\RPCRT4.dll
0x00007ffb0c790000 - 0x00007ffb0c93e000 	C:\WINDOWS\System32\USER32.dll
0x00007ffb0bd80000 - 0x00007ffb0bda6000 	C:\WINDOWS\System32\win32u.dll
0x00007ffafaf70000 - 0x00007ffafb203000 	C:\WINDOWS\WinSxS\amd64_microsoft.windows.common-controls_6595b64144ccf1df_6.0.22621.3235_none_270f74e173860f98\COMCTL32.dll
0x00007ffb0d690000 - 0x00007ffb0d6b9000 	C:\WINDOWS\System32\GDI32.dll
0x00007ffb0c410000 - 0x00007ffb0c529000 	C:\WINDOWS\System32\gdi32full.dll
0x00007ffb0bc70000 - 0x00007ffb0bd0a000 	C:\WINDOWS\System32\msvcp_win.dll
0x00007ffb01ed0000 - 0x00007ffb01eda000 	C:\WINDOWS\SYSTEM32\VERSION.dll
0x00007ffb0c740000 - 0x00007ffb0c771000 	C:\WINDOWS\System32\IMM32.DLL
0x00007ffa6ff70000 - 0x00007ffa6ff7c000 	C:\Program Files\Java\jdk-17\bin\vcruntime140_1.dll
0x00007ffa6c3b0000 - 0x00007ffa6c43e000 	C:\Program Files\Java\jdk-17\bin\msvcp140.dll
0x00007ffa6a8d0000 - 0x00007ffa6b4af000 	C:\Program Files\Java\jdk-17\bin\server\jvm.dll
0x00007ffb0e260000 - 0x00007ffb0e268000 	C:\WINDOWS\System32\PSAPI.DLL
0x00007ffb02fd0000 - 0x00007ffb03004000 	C:\WINDOWS\SYSTEM32\WINMM.dll
0x00007ffaef0a0000 - 0x00007ffaef0a9000 	C:\WINDOWS\SYSTEM32\WSOCK32.dll
0x00007ffb0c9d0000 - 0x00007ffb0ca41000 	C:\WINDOWS\System32\WS2_32.dll
0x00007ffb0adb0000 - 0x00007ffb0adc8000 	C:\WINDOWS\SYSTEM32\kernel.appcore.dll
0x00007ffa6ff60000 - 0x00007ffa6ff6a000 	C:\Program Files\Java\jdk-17\bin\jimage.dll
0x00007ffb0a1d0000 - 0x00007ffb0a403000 	C:\WINDOWS\SYSTEM32\DBGHELP.DLL
0x00007ffb0d8f0000 - 0x00007ffb0dc78000 	C:\WINDOWS\System32\combase.dll
0x00007ffb0dc80000 - 0x00007ffb0dd57000 	C:\WINDOWS\System32\OLEAUT32.dll
0x00007ffaeefe0000 - 0x00007ffaef012000 	C:\WINDOWS\SYSTEM32\dbgcore.DLL
0x00007ffb0c220000 - 0x00007ffb0c299000 	C:\WINDOWS\System32\bcryptPrimitives.dll
0x00007ffa6c380000 - 0x00007ffa6c3a5000 	C:\Program Files\Java\jdk-17\bin\java.dll

dbghelp: loaded successfully - version: 4.0.5 - missing functions: none
symbol engine: initialized successfully - sym options: 0x614 - pdb path: .;C:\Program Files\Java\jdk-17\bin;C:\WINDOWS\SYSTEM32;C:\WINDOWS\WinSxS\amd64_microsoft.windows.common-controls_6595b64144ccf1df_6.0.22621.3235_none_270f74e173860f98;C:\Program Files\Java\jdk-17\bin\server

VM Arguments:
jvm_args: -XX:TieredStopAtLevel=1 
java_command: com.mvc.app.HistoryApplication.HistoryApplication
java_class_path (initial): C:\Users\saria\Desktop\History\target\classes;C:\Users\saria\.m2\repository\javax\servlet\javax.servlet-api\4.0.1\javax.servlet-api-4.0.1.jar;C:\Users\saria\.m2\repository\org\aspectj\aspectjweaver\1.9.7\aspectjweaver-1.9.7.jar;C:\Users\saria\.m2\repository\com\zaxxer\HikariCP\4.0.3\HikariCP-4.0.3.jar;C:\Users\saria\.m2\repository\org\springframework\spring-jdbc\5.3.23\spring-jdbc-5.3.23.jar;C:\Users\saria\.m2\repository\jakarta\transaction\jakarta.transaction-api\1.3.3\jakarta.transaction-api-1.3.3.jar;C:\Users\saria\.m2\repository\jakarta\persistence\jakarta.persistence-api\2.2.3\jakarta.persistence-api-2.2.3.jar;C:\Users\saria\.m2\repository\org\hibernate\hibernate-core\5.6.12.Final\hibernate-core-5.6.12.Final.jar;C:\Users\saria\.m2\repository\org\jboss\logging\jboss-logging\3.4.3.Final\jboss-logging-3.4.3.Final.jar;C:\Users\saria\.m2\repository\net\bytebuddy\byte-buddy\1.12.18\byte-buddy-1.12.18.jar;C:\Users\saria\.m2\repository\antlr\antlr\2.7.7\antlr-2.7.7.jar;C:\Users\saria\.m2\repository\org\jboss\jandex\2.4.2.Final\jandex-2.4.2.Final.jar;C:\Users\saria\.m2\repository\com\fasterxml\classmate\1.5.1\classmate-1.5.1.jar;C:\Users\saria\.m2\repository\org\hibernate\common\hibernate-commons-annotations\5.1.2.Final\hibernate-commons-annotations-5.1.2.Final.jar;C:\Users\saria\.m2\repository\org\glassfish\jaxb\jaxb-runtime\2.3.7\jaxb-runtime-2.3.7.jar;C:\Users\saria\.m2\repository\org\glassfish\jaxb\txw2\2.3.7\txw2-2.3.7.jar;C:\Users\saria\.m2\repository\com\sun\istack\istack-commons-runtime\3.0.12\istack-commons-runtime-3.0.12.jar;C:\Users\saria\.m2\repository\com\sun\activation\jakarta.activation\1.2.2\jakarta.activation-1.2.2.jar;C:\Users\saria\.m2\repository\org\springframework\data\spring-data-jpa\2.7.5\spring-data-jpa-2.7.5.jar;C:\Users\saria\.m2\repository\org\springframework\data\spring-data-commons\2.7.5\spring-data-commons-2.7.5.jar;C:\Users\saria\.m2\repository\org\springframework\spring-orm\5.3.23\spring-orm-5.3.23.jar;C:\User
Launcher Type: SUN_STANDARD

[Global flags]
     intx CICompilerCount                          = 4                                         {product} {ergonomic}
     uint ConcGCThreads                            = 3                                         {product} {ergonomic}
     uint G1ConcRefinementThreads                  = 10                                        {product} {ergonomic}
   size_t G1HeapRegionSize                         = 2097152                                   {product} {ergonomic}
    uintx GCDrainStackTargetSize                   = 64                                        {product} {ergonomic}
   size_t InitialHeapSize                          = 268435456                                 {product} {ergonomic}
   size_t MarkStackSize                            = 4194304                                   {product} {ergonomic}
   size_t MaxHeapSize                              = 4276092928                                {product} {ergonomic}
   size_t MinHeapDeltaBytes                        = 2097152                                   {product} {ergonomic}
   size_t MinHeapSize                              = 8388608                                   {product} {ergonomic}
    uintx NonProfiledCodeHeapSize                  = 0                                      {pd product} {ergonomic}
     bool ProfileInterpreter                       = false                                  {pd product} {command line}
    uintx ProfiledCodeHeapSize                     = 0                                      {pd product} {ergonomic}
   size_t SoftMaxHeapSize                          = 4276092928                             {manageable} {ergonomic}
     intx TieredStopAtLevel                        = 1                                         {product} {command line}
     bool UseCompressedClassPointers               = true                           {product lp64_product} {ergonomic}
     bool UseCompressedOops                        = true                           {product lp64_product} {ergonomic}
     bool UseG1GC                                  = true                                      {product} {ergonomic}
     bool UseLargePagesIndividualAllocation        = false                                  {pd product} {ergonomic}

Logging:
Log output configuration:
 #0: stdout all=warning uptime,level,tags
 #1: stderr all=off uptime,level,tags

Environment Variables:
JAVA_HOME=C:\Program Files\Java\jdk-17
PATH=C:\Program Files\Common Files\Oracle\Java\javapath;C:\Program Files (x86)\Common Files\Oracle\Java\javapath;C:\xampp\php;C:\Program Files (x86)\Intel\Intel(R) Management Engine Components\iCLS\;C:\Program Files\Intel\Intel(R) Management Engine Components\iCLS\;C:\Windows\system32;C:\Windows;C:\Windows\System32\Wbem;C:\Windows\System32\WindowsPowerShell\v1.0\;C:\Windows\System32\OpenSSH\;C:\Program Files (x86)\NVIDIA Corporation\PhysX\Common;C:\Program Files (x86)\Intel\Intel(R) Management Engine Components\DAL;C:\Program Files\Intel\Intel(R) Management Engine Components\DAL;C:\Program Files (x86)\Intel\Intel(R) Management Engine Components\IPT;C:\Program Files\Intel\Intel(R) Management Engine Components\IPT;C:\Program Files\Intel\WiFi\bin\;C:\Program Files\Common Files\Intel\WirelessCommon\;C:\WINDOWS\system32;C:\WINDOWS;C:\WINDOWS\System32\Wbem;C:\WINDOWS\System32\WindowsPowerShell\v1.0\;C:\WINDOWS\System32\OpenSSH\;C:\Program Files\Git\cmd;C:\Program Files\PuTTY\;C:\Program Files\NVIDIA Corporation\Nsight Compute 2020.3.1\;C:\Users\saria\AppData\Local\Programs\Python\Python38\;C:\Users\saria\AppData\Local\Microsoft\WindowsApps;C:\Users\saria\AppData\Local\Programs\Microsoft VS Code\bin;C:\Users\saria\Documents\libav-i686-w64-mingw32-11.7\usr\bin;";C:\Program Files\Amazon\AWSCLIV2\;C:\Program Files\NVIDIA Corporation\NVIDIA NvDLISR";C:\xampp\htdocs;C:\Program Files\nodejs\;C:\Users\saria\AppData\Roaming\npm;C:\WINDOWS\system32;C:\WINDOWS;C:\WINDOWS\System32\Wbem;C:\WINDOWS\System32\WindowsPowerShell\v1.0\;C:\WINDOWS\System32\OpenSSH\;C:\Program Files\NVIDIA Corporation\NVIDIA NvDLISR;C:\mingw64\bin;C:\Program Files\dotnet\;C:\Program Files\MATLAB\MATLAB Production Server\R2015a\runtime\win64;C:\Program Files\MATLAB\MATLAB Production Server\R2015a\bin;C:\Program Files\MySQL\MySQL Server 8.3\bin;C:\Program Files (x86)\cloudflared\;C:\Program Files (x86)\Maven\apache-maven-3.9.6\bin;C:\Program Files\MySQL\MySQL Server 8.3\bin;C:\xampp\php;C:\xampp\htdocs;C:\Users\sa
USERNAME=saria
OS=Windows_NT
PROCESSOR_IDENTIFIER=Intel64 Family 6 Model 158 Stepping 10, GenuineIntel



---------------  S Y S T E M  ---------------

OS:
 Windows 11 , 64 bit Build 22621 (10.0.22621.3374)
OS uptime: 0 days 5:38 hours

CPU: total 12 (initial active 12) (6 cores per cpu, 2 threads per core) family 6 model 158 stepping 10 microcode 0xde, cx8, cmov, fxsr, ht, mmx, 3dnowpref, sse, sse2, sse3, ssse3, sse4.1, sse4.2, popcnt, lzcnt, tsc, tscinvbit, avx, avx2, aes, erms, clmul, bmi1, bmi2, adx, fma, vzeroupper, clflush, clflushopt

Memory: 4k page, system-wide physical 16307M (3674M free)
TotalPageFile size 24307M (AvailPageFile size 90M)
current process WorkingSet (physical memory assigned to process): 11M, peak: 11M
current process commit charge ("private bytes"): 59M, peak: 315M

vm_info: Java HotSpot(TM) 64-Bit Server VM (17.0.10+11-LTS-240) for windows-amd64 JRE (17.0.10+11-LTS-240), built on Dec 19 2023 21:47:25 by "mach5one" with MS VC++ 17.1 (VS2022)

END.
